<?xml version="1.0" encoding="UTF-8"?>
<testng-results ignored="6" total="8" passed="2" failed="0" skipped="0">
  <reporter-output>
  </reporter-output>
  <suite started-at="2023-04-16T04:35:05Z" name="Sanity" finished-at="2023-04-16T04:35:05Z" duration-ms="56">
    <groups>
      <group name="regression">
        <method signature="HomeLoanTest.test2()[pri:0, instance:Testcases.HomeLoanTest@302f7971]" name="test2" class="Testcases.HomeLoanTest"/>
      </group> <!-- regression -->
      <group name="sanity">
        <method signature="CreditcardTest.test4()[pri:0, instance:Testcases.CreditcardTest@53251a66]" name="test4" class="Testcases.CreditcardTest"/>
        <method signature="HomeLoanTest.test2()[pri:0, instance:Testcases.HomeLoanTest@302f7971]" name="test2" class="Testcases.HomeLoanTest"/>
      </group> <!-- sanity -->
    </groups>
    <test started-at="2023-04-16T04:35:05Z" name="Test" finished-at="2023-04-16T04:35:05Z" duration-ms="56">
      <class name="Testcases.HomeLoanTest">
        <test-method is-config="true" signature="method3()[pri:0, instance:Testcases.HomeLoanTest@302f7971]" started-at="2023-04-16T04:35:05Z" name="method3" finished-at="2023-04-16T04:35:05Z" duration-ms="10" status="PASS">
          <reporter-output>
          </reporter-output>
        </test-method> <!-- method3 -->
        <test-method is-config="true" signature="method1()[pri:0, instance:Testcases.HomeLoanTest@302f7971]" started-at="2023-04-16T04:35:05Z" name="method1" finished-at="2023-04-16T04:35:05Z" duration-ms="0" status="PASS">
          <reporter-output>
          </reporter-output>
        </test-method> <!-- method1 -->
        <test-method signature="test2()[pri:0, instance:Testcases.HomeLoanTest@302f7971]" started-at="2023-04-16T04:35:05Z" name="test2" finished-at="2023-04-16T04:35:05Z" duration-ms="9" status="PASS">
          <reporter-output>
          </reporter-output>
        </test-method> <!-- test2 -->
        <test-method is-config="true" signature="method2()[pri:0, instance:Testcases.HomeLoanTest@302f7971]" started-at="2023-04-16T04:35:05Z" name="method2" finished-at="2023-04-16T04:35:05Z" duration-ms="1" status="PASS">
          <reporter-output>
          </reporter-output>
        </test-method> <!-- method2 -->
        <test-method is-config="true" signature="method4()[pri:0, instance:Testcases.HomeLoanTest@302f7971]" started-at="2023-04-16T04:35:05Z" name="method4" finished-at="2023-04-16T04:35:05Z" duration-ms="0" status="PASS">
          <reporter-output>
          </reporter-output>
        </test-method> <!-- method4 -->
      </class> <!-- Testcases.HomeLoanTest -->
      <class name="Testcases.CreditcardTest">
        <test-method is-config="true" signature="method1()[pri:0, instance:Testcases.CreditcardTest@53251a66]" started-at="2023-04-16T04:35:05Z" name="method1" finished-at="2023-04-16T04:35:05Z" duration-ms="0" status="PASS">
          <reporter-output>
          </reporter-output>
        </test-method> <!-- method1 -->
        <test-method signature="test4()[pri:0, instance:Testcases.CreditcardTest@53251a66]" started-at="2023-04-16T04:35:05Z" name="test4" finished-at="2023-04-16T04:35:05Z" duration-ms="2" status="PASS">
          <reporter-output>
          </reporter-output>
        </test-method> <!-- test4 -->
        <test-method is-config="true" signature="method2()[pri:0, instance:Testcases.CreditcardTest@53251a66]" started-at="2023-04-16T04:35:05Z" name="method2" finished-at="2023-04-16T04:35:05Z" duration-ms="1" status="PASS">
          <reporter-output>
          </reporter-output>
        </test-method> <!-- method2 -->
      </class> <!-- Testcases.CreditcardTest -->
    </test> <!-- Test -->
  </suite> <!-- Sanity -->
</testng-results>
